The system is: Windows - 10.0.19043 - AMD64
Compiling the C compiler identification source file "CMakeCCompilerId.c" succeeded.
Compiler:  
Build flags: 
Id flags:  

The output was:
0
.NET Framework için Microsoft (R) Build Engine sürüm 16.10.2+857e5a733
Telif Hakkı (C) Microsoft Corporation. Tüm hakları saklıdır.

Oluşturma başlatıldı: 4.08.2021 10:05:11.
1 düğümünde "C:\Users\NP\Desktop\MustafaDosyalar\APYI\build\CMakeFiles\3.20.21032501-MSVC_2\CompilerIdC\CompilerIdC.vcxproj" projesi (varsayılan hedefler).
PrepareForBuild:
  "Debug\" dizini oluşturuluyor.
  "Debug\CompilerIdC.tlog\" dizini oluşturuluyor.
InitializeBuildStatus:
  "AlwaysCreate" belirtildiği için "Debug\CompilerIdC.tlog\unsuccessfulbuild" oluşturuluyor.
VcpkgTripletSelection:
  Using triplet "x64-windows" from "C:\dev\vcpkg\scripts\buildsystems\msbuild\..\..\..\installed\x64-windows\"
ClCompile:
  C:\Program Files (x86)\Microsoft Visual Studio\2019\Community\VC\Tools\MSVC\14.29.30037\bin\HostX64\x64\CL.exe /c /I"C:\dev\vcpkg\scripts\buildsystems\msbuild\..\..\..\installed\x64-windows\include" /nologo /W0 /WX- /diagnostics:column /Od /D _MBCS /Gm- /EHsc /RTC1 /MDd /GS /fp:precise /Zc:wchar_t /Zc:forScope /Zc:inline /Fo"Debug\\" /Fd"Debug\vc142.pdb" /external:env:"EXTERNAL_INCLUDE" /external:W0 /Gd /TC /FC /errorReport:queue "CMakeCCompilerId.c"
  CMakeCCompilerId.c
Link:
  C:\Program Files (x86)\Microsoft Visual Studio\2019\Community\VC\Tools\MSVC\14.29.30037\bin\HostX64\x64\link.exe /ERRORREPORT:QUEUE /OUT:".\CompilerIdC.exe" /INCREMENTAL:NO /NOLOGO /LIBPATH:"C:\dev\vcpkg\scripts\buildsystems\msbuild\..\..\..\installed\x64-windows\debug\lib" /LIBPATH:"C:\dev\vcpkg\scripts\buildsystems\msbuild\..\..\..\installed\x64-windows\debug\lib\manual-link" kernel32.lib user32.lib gdi32.lib winspool.lib comdlg32.lib advapi32.lib shell32.lib ole32.lib oleaut32.lib uuid.lib odbc32.lib odbccp32.lib "C:\dev\vcpkg\scripts\buildsystems\msbuild\..\..\..\installed\x64-windows\debug\lib\*.lib" /MANIFEST /MANIFESTUAC:"level='asInvoker' uiAccess='false'" /manifest:embed /PDB:".\CompilerIdC.pdb" /SUBSYSTEM:CONSOLE /TLBID:1 /DYNAMICBASE /NXCOMPAT /IMPLIB:".\CompilerIdC.lib" /MACHINE:X64 "Debug\CMakeCCompilerId.obj"
  CompilerIdC.vcxproj -> C:\Users\NP\Desktop\MustafaDosyalar\APYI\build\CMakeFiles\3.20.21032501-MSVC_2\CompilerIdC\CompilerIdC.exe
AppLocalFromInstalled:
  pwsh.exe -ExecutionPolicy Bypass -noprofile -File "C:\dev\vcpkg\scripts\buildsystems\msbuild\applocal.ps1" "C:\Users\NP\Desktop\MustafaDosyalar\APYI\build\CMakeFiles\3.20.21032501-MSVC_2\CompilerIdC\CompilerIdC.exe" "C:\dev\vcpkg\scripts\buildsystems\msbuild\..\..\..\installed\x64-windows\debug\bin" "Debug\CompilerIdC.tlog\CompilerIdC.write.1u.tlog" "Debug\vcpkg.applocal.log"
  'pwsh.exe' is not recognized as an internal or external command,
  operable program or batch file.
  "pwsh.exe -ExecutionPolicy Bypass -noprofile -File "C:\dev\vcpkg\scripts\buildsystems\msbuild\applocal.ps1" "C:\Users\NP\Desktop\MustafaDosyalar\APYI\build\CMakeFiles\3.20.21032501-MSVC_2\CompilerIdC\CompilerIdC.exe" "C:\dev\vcpkg\scripts\buildsystems\msbuild\..\..\..\installed\x64-windows\debug\bin" "Debug\CompilerIdC.tlog\CompilerIdC.write.1u.tlog" "Debug\vcpkg.applocal.log"" komutundan 9009 koduyla çıkıldı.
  "C:\WINDOWS\System32\WindowsPowerShell\v1.0\powershell.exe" -ExecutionPolicy Bypass -noprofile -File "C:\dev\vcpkg\scripts\buildsystems\msbuild\applocal.ps1" "C:\Users\NP\Desktop\MustafaDosyalar\APYI\build\CMakeFiles\3.20.21032501-MSVC_2\CompilerIdC\CompilerIdC.exe" "C:\dev\vcpkg\scripts\buildsystems\msbuild\..\..\..\installed\x64-windows\debug\bin" "Debug\CompilerIdC.tlog\CompilerIdC.write.1u.tlog" "Debug\vcpkg.applocal.log"
PostBuildEvent:
  for %%i in (cl.exe) do @echo CMAKE_C_COMPILER=%%~$PATH:i
  :VCEnd
  CMAKE_C_COMPILER=C:\Program Files (x86)\Microsoft Visual Studio\2019\Community\VC\Tools\MSVC\14.29.30037\bin\Hostx64\x64\cl.exe
FinalizeBuildStatus:
  "Debug\CompilerIdC.tlog\unsuccessfulbuild" dosyası siliniyor.
  "Debug\CompilerIdC.tlog\CompilerIdC.lastbuildstate" öğesine erişiliyor.
"C:\Users\NP\Desktop\MustafaDosyalar\APYI\build\CMakeFiles\3.20.21032501-MSVC_2\CompilerIdC\CompilerIdC.vcxproj" Projesini Oluşturma İşlemi Tamamlandı (varsayılan hedefler).

Oluşturma başarılı oldu.
    0 Uyarı
    0 Hata

Geçen Süre 00:00:03.14


Compilation of the C compiler identification source "CMakeCCompilerId.c" produced "CompilerIdC.exe"

Compilation of the C compiler identification source "CMakeCCompilerId.c" produced "CompilerIdC.vcxproj"

The C compiler identification is MSVC, found in "C:/Users/NP/Desktop/MustafaDosyalar/APYI/build/CMakeFiles/3.20.21032501-MSVC_2/CompilerIdC/CompilerIdC.exe"

Compiling the CXX compiler identification source file "CMakeCXXCompilerId.cpp" succeeded.
Compiler:  
Build flags: 
Id flags:  

The output was:
0
.NET Framework için Microsoft (R) Build Engine sürüm 16.10.2+857e5a733
Telif Hakkı (C) Microsoft Corporation. Tüm hakları saklıdır.

Oluşturma başlatıldı: 4.08.2021 10:05:14.
1 düğümünde "C:\Users\NP\Desktop\MustafaDosyalar\APYI\build\CMakeFiles\3.20.21032501-MSVC_2\CompilerIdCXX\CompilerIdCXX.vcxproj" projesi (varsayılan hedefler).
PrepareForBuild:
  "Debug\" dizini oluşturuluyor.
  "Debug\CompilerIdCXX.tlog\" dizini oluşturuluyor.
InitializeBuildStatus:
  "AlwaysCreate" belirtildiği için "Debug\CompilerIdCXX.tlog\unsuccessfulbuild" oluşturuluyor.
VcpkgTripletSelection:
  Using triplet "x64-windows" from "C:\dev\vcpkg\scripts\buildsystems\msbuild\..\..\..\installed\x64-windows\"
ClCompile:
  C:\Program Files (x86)\Microsoft Visual Studio\2019\Community\VC\Tools\MSVC\14.29.30037\bin\HostX64\x64\CL.exe /c /I"C:\dev\vcpkg\scripts\buildsystems\msbuild\..\..\..\installed\x64-windows\include" /nologo /W0 /WX- /diagnostics:column /Od /D _MBCS /Gm- /EHsc /RTC1 /MDd /GS /fp:precise /Zc:wchar_t /Zc:forScope /Zc:inline /Fo"Debug\\" /Fd"Debug\vc142.pdb" /external:env:"EXTERNAL_INCLUDE" /external:W0 /Gd /TP /FC /errorReport:queue "CMakeCXXCompilerId.cpp"
  CMakeCXXCompilerId.cpp
Link:
  C:\Program Files (x86)\Microsoft Visual Studio\2019\Community\VC\Tools\MSVC\14.29.30037\bin\HostX64\x64\link.exe /ERRORREPORT:QUEUE /OUT:".\CompilerIdCXX.exe" /INCREMENTAL:NO /NOLOGO /LIBPATH:"C:\dev\vcpkg\scripts\buildsystems\msbuild\..\..\..\installed\x64-windows\debug\lib" /LIBPATH:"C:\dev\vcpkg\scripts\buildsystems\msbuild\..\..\..\installed\x64-windows\debug\lib\manual-link" kernel32.lib user32.lib gdi32.lib winspool.lib comdlg32.lib advapi32.lib shell32.lib ole32.lib oleaut32.lib uuid.lib odbc32.lib odbccp32.lib "C:\dev\vcpkg\scripts\buildsystems\msbuild\..\..\..\installed\x64-windows\debug\lib\*.lib" /MANIFEST /MANIFESTUAC:"level='asInvoker' uiAccess='false'" /manifest:embed /PDB:".\CompilerIdCXX.pdb" /SUBSYSTEM:CONSOLE /TLBID:1 /DYNAMICBASE /NXCOMPAT /IMPLIB:".\CompilerIdCXX.lib" /MACHINE:X64 "Debug\CMakeCXXCompilerId.obj"
  CompilerIdCXX.vcxproj -> C:\Users\NP\Desktop\MustafaDosyalar\APYI\build\CMakeFiles\3.20.21032501-MSVC_2\CompilerIdCXX\CompilerIdCXX.exe
AppLocalFromInstalled:
  pwsh.exe -ExecutionPolicy Bypass -noprofile -File "C:\dev\vcpkg\scripts\buildsystems\msbuild\applocal.ps1" "C:\Users\NP\Desktop\MustafaDosyalar\APYI\build\CMakeFiles\3.20.21032501-MSVC_2\CompilerIdCXX\CompilerIdCXX.exe" "C:\dev\vcpkg\scripts\buildsystems\msbuild\..\..\..\installed\x64-windows\debug\bin" "Debug\CompilerIdCXX.tlog\CompilerIdCXX.write.1u.tlog" "Debug\vcpkg.applocal.log"
  'pwsh.exe' is not recognized as an internal or external command,
  operable program or batch file.
  "pwsh.exe -ExecutionPolicy Bypass -noprofile -File "C:\dev\vcpkg\scripts\buildsystems\msbuild\applocal.ps1" "C:\Users\NP\Desktop\MustafaDosyalar\APYI\build\CMakeFiles\3.20.21032501-MSVC_2\CompilerIdCXX\CompilerIdCXX.exe" "C:\dev\vcpkg\scripts\buildsystems\msbuild\..\..\..\installed\x64-windows\debug\bin" "Debug\CompilerIdCXX.tlog\CompilerIdCXX.write.1u.tlog" "Debug\vcpkg.applocal.log"" komutundan 9009 koduyla çıkıldı.
  "C:\WINDOWS\System32\WindowsPowerShell\v1.0\powershell.exe" -ExecutionPolicy Bypass -noprofile -File "C:\dev\vcpkg\scripts\buildsystems\msbuild\applocal.ps1" "C:\Users\NP\Desktop\MustafaDosyalar\APYI\build\CMakeFiles\3.20.21032501-MSVC_2\CompilerIdCXX\CompilerIdCXX.exe" "C:\dev\vcpkg\scripts\buildsystems\msbuild\..\..\..\installed\x64-windows\debug\bin" "Debug\CompilerIdCXX.tlog\CompilerIdCXX.write.1u.tlog" "Debug\vcpkg.applocal.log"
PostBuildEvent:
  for %%i in (cl.exe) do @echo CMAKE_CXX_COMPILER=%%~$PATH:i
  :VCEnd
  CMAKE_CXX_COMPILER=C:\Program Files (x86)\Microsoft Visual Studio\2019\Community\VC\Tools\MSVC\14.29.30037\bin\Hostx64\x64\cl.exe
FinalizeBuildStatus:
  "Debug\CompilerIdCXX.tlog\unsuccessfulbuild" dosyası siliniyor.
  "Debug\CompilerIdCXX.tlog\CompilerIdCXX.lastbuildstate" öğesine erişiliyor.
"C:\Users\NP\Desktop\MustafaDosyalar\APYI\build\CMakeFiles\3.20.21032501-MSVC_2\CompilerIdCXX\CompilerIdCXX.vcxproj" Projesini Oluşturma İşlemi Tamamlandı (varsayılan hedefler).

Oluşturma başarılı oldu.
    0 Uyarı
    0 Hata

Geçen Süre 00:00:01.74


Compilation of the CXX compiler identification source "CMakeCXXCompilerId.cpp" produced "CompilerIdCXX.exe"

Compilation of the CXX compiler identification source "CMakeCXXCompilerId.cpp" produced "CompilerIdCXX.vcxproj"

The CXX compiler identification is MSVC, found in "C:/Users/NP/Desktop/MustafaDosyalar/APYI/build/CMakeFiles/3.20.21032501-MSVC_2/CompilerIdCXX/CompilerIdCXX.exe"

Detecting C compiler ABI info compiled with the following output:
Change Dir: C:/Users/NP/Desktop/MustafaDosyalar/APYI/build/CMakeFiles/CMakeTmp

Run Build Command(s):C:/Program Files (x86)/Microsoft Visual Studio/2019/Community/MSBuild/Current/Bin/MSBuild.exe cmTC_dfd70.vcxproj /p:Configuration=Debug /p:Platform=x64 /p:VisualStudioVersion=16.0 /v:m && .NET Framework için Microsoft (R) Build Engine sürüm 16.10.2+857e5a733
Telif Hakkı (C) Microsoft Corporation. Tüm hakları saklıdır.

  x64 için Microsoft (R) C/C++ İyileştirmeli Derleyicisi Sürüm 19.29.30038.1
  Telif Hakkı (C) Microsoft Corporation. Tüm hakları saklıdır.
  CMakeCCompilerABI.c
  cl /c /I"C:\dev\vcpkg\scripts\buildsystems\msbuild\..\..\..\installed\x64-windows\include" /Zi /W1 /WX- /diagnostics:column /Od /Ob0 /D "WIN32" /D "_WINDOWS" /D "CMAKE_INTDIR=\"Debug\"" /D _MBCS /Gm- /RTC1 /MDd /GS /fp:precise /Zc:wchar_t /Zc:forScope /Zc:inline /Fo"cmTC_dfd70.dir\Debug\\" /Fd"cmTC_dfd70.dir\Debug\vc142.pdb" /external:env:"EXTERNAL_INCLUDE" /external:W1 /Gd /TC /errorReport:queue "C:\Program Files (x86)\Microsoft Visual Studio\2019\Community\Common7\IDE\CommonExtensions\Microsoft\CMake\CMake\share\cmake-3.20\Modules\CMakeCCompilerABI.c"
  cmTC_dfd70.vcxproj -> C:\Users\NP\Desktop\MustafaDosyalar\APYI\build\CMakeFiles\CMakeTmp\Debug\cmTC_dfd70.exe



Detecting CXX compiler ABI info compiled with the following output:
Change Dir: C:/Users/NP/Desktop/MustafaDosyalar/APYI/build/CMakeFiles/CMakeTmp

Run Build Command(s):C:/Program Files (x86)/Microsoft Visual Studio/2019/Community/MSBuild/Current/Bin/MSBuild.exe cmTC_61525.vcxproj /p:Configuration=Debug /p:Platform=x64 /p:VisualStudioVersion=16.0 /v:m && .NET Framework için Microsoft (R) Build Engine sürüm 16.10.2+857e5a733
Telif Hakkı (C) Microsoft Corporation. Tüm hakları saklıdır.

  x64 için Microsoft (R) C/C++ İyileştirmeli Derleyicisi Sürüm 19.29.30038.1
  Telif Hakkı (C) Microsoft Corporation. Tüm hakları saklıdır.
  CMakeCXXCompilerABI.cpp
  cl /c /I"C:\dev\vcpkg\scripts\buildsystems\msbuild\..\..\..\installed\x64-windows\include" /Zi /W1 /WX- /diagnostics:column /Od /Ob0 /D "WIN32" /D "_WINDOWS" /D "CMAKE_INTDIR=\"Debug\"" /D _MBCS /Gm- /EHsc /RTC1 /MDd /GS /fp:precise /Zc:wchar_t /Zc:forScope /Zc:inline /GR /Fo"cmTC_61525.dir\Debug\\" /Fd"cmTC_61525.dir\Debug\vc142.pdb" /external:env:"EXTERNAL_INCLUDE" /external:W1 /Gd /TP /errorReport:queue "C:\Program Files (x86)\Microsoft Visual Studio\2019\Community\Common7\IDE\CommonExtensions\Microsoft\CMake\CMake\share\cmake-3.20\Modules\CMakeCXXCompilerABI.cpp"
  cmTC_61525.vcxproj -> C:\Users\NP\Desktop\MustafaDosyalar\APYI\build\CMakeFiles\CMakeTmp\Debug\cmTC_61525.exe



